----------------------------------------------------------------
Fri Aug 05 17:59:32 CEST 2016:
Booting Derby version The Apache Software Foundation - Apache Derby - 10.11.1.2 - (1629631): instance a816c00e-0156-5b6e-5111-0000026bbaa8 
on database directory X:\Programiranje\Java\workspace\Program_za_ponude\LocalDatabase with class loader sun.misc.Launcher$AppClassLoader@55f96302 
Loaded from file:/X:/Programiranje/Java/workspace/Program_za_ponude/dist/run612478888/lib/derby.jar
java.vendor=Oracle Corporation
java.runtime.version=1.8.0_77-b03
user.dir=X:\Programiranje\Java\workspace\Program_za_ponude
os.name=Windows 8.1
os.arch=amd64
os.version=6.3
derby.system.home=null
Database Class Loader started - derby.database.classpath=''
----------------------------------------------------------------
Fri Aug 05 17:59:34 CEST 2016:
Booting Derby version The Apache Software Foundation - Apache Derby - 10.11.1.2 - (1629631): instance 08264012-0156-5b6e-5111-0000026bbaa8 
on database directory X:\Programiranje\SQL\Database with class loader sun.misc.Launcher$AppClassLoader@55f96302 
Loaded from file:/X:/Programiranje/Java/workspace/Program_za_ponude/dist/run612478888/lib/derby.jar
java.vendor=Oracle Corporation
java.runtime.version=1.8.0_77-b03
user.dir=X:\Programiranje\Java\workspace\Program_za_ponude
os.name=Windows 8.1
os.arch=amd64
os.version=6.3
derby.system.home=null
Database Class Loader started - derby.database.classpath=''
